Performing C SOURCE FILE Test CMAKE_HAVE_LIBC_PTHREAD failed with the following output:
Change Dir: /home/white_kung/SharedFolder/cpp_sharing/cmake/build/CMakeFiles/CMakeTmp

Run Build Command(s):/bin/make cmTC_b0ecd/fast && /bin/make  -f CMakeFiles/cmTC_b0ecd.dir/build.make CMakeFiles/cmTC_b0ecd.dir/build
make[1]: Entering directory '/home/white_kung/SharedFolder/cpp_sharing/cmake/build/CMakeFiles/CMakeTmp'
Building C object CMakeFiles/cmTC_b0ecd.dir/src.c.o
/bin/cc -DCMAKE_HAVE_LIBC_PTHREAD   -o CMakeFiles/cmTC_b0ecd.dir/src.c.o -c /home/white_kung/SharedFolder/cpp_sharing/cmake/build/CMakeFiles/CMakeTmp/src.c
Linking C executable cmTC_b0ecd
/home/white_kung/.local/bin/cmake -E cmake_link_script CMakeFiles/cmTC_b0ecd.dir/link.txt --verbose=1
/bin/cc CMakeFiles/cmTC_b0ecd.dir/src.c.o -o cmTC_b0ecd 
/bin/ld: CMakeFiles/cmTC_b0ecd.dir/src.c.o: in function `main':
src.c:(.text+0x46): undefined reference to `pthread_create'
/bin/ld: src.c:(.text+0x52): undefined reference to `pthread_detach'
/bin/ld: src.c:(.text+0x5e): undefined reference to `pthread_cancel'
/bin/ld: src.c:(.text+0x6f): undefined reference to `pthread_join'
collect2: error: ld returned 1 exit status
make[1]: *** [CMakeFiles/cmTC_b0ecd.dir/build.make:106: cmTC_b0ecd] Error 1
make[1]: Leaving directory '/home/white_kung/SharedFolder/cpp_sharing/cmake/build/CMakeFiles/CMakeTmp'
make: *** [Makefile:140: cmTC_b0ecd/fast] Error 2


Source file was:
#include <pthread.h>

static void* test_func(void* data)
{
  return data;
}

int main(void)
{
  pthread_t thread;
  pthread_create(&thread, NULL, test_func, NULL);
  pthread_detach(thread);
  pthread_cancel(thread);
  pthread_join(thread, NULL);
  pthread_atfork(NULL, NULL, NULL);
  pthread_exit(NULL);

  return 0;
}

Determining if the function pthread_create exists in the pthreads failed with the following output:
Change Dir: /home/white_kung/SharedFolder/cpp_sharing/cmake/build/CMakeFiles/CMakeTmp

Run Build Command(s):/bin/make cmTC_06730/fast && /bin/make  -f CMakeFiles/cmTC_06730.dir/build.make CMakeFiles/cmTC_06730.dir/build
make[1]: Entering directory '/home/white_kung/SharedFolder/cpp_sharing/cmake/build/CMakeFiles/CMakeTmp'
Building C object CMakeFiles/cmTC_06730.dir/CheckFunctionExists.c.o
/bin/cc   -DCHECK_FUNCTION_EXISTS=pthread_create -o CMakeFiles/cmTC_06730.dir/CheckFunctionExists.c.o -c /home/white_kung/.local/share/cmake-3.19/Modules/CheckFunctionExists.c
Linking C executable cmTC_06730
/home/white_kung/.local/bin/cmake -E cmake_link_script CMakeFiles/cmTC_06730.dir/link.txt --verbose=1
/bin/cc  -DCHECK_FUNCTION_EXISTS=pthread_create CMakeFiles/cmTC_06730.dir/CheckFunctionExists.c.o -o cmTC_06730  -lpthreads 
/bin/ld: cannot find -lpthreads
collect2: error: ld returned 1 exit status
make[1]: *** [CMakeFiles/cmTC_06730.dir/build.make:106: cmTC_06730] Error 1
make[1]: Leaving directory '/home/white_kung/SharedFolder/cpp_sharing/cmake/build/CMakeFiles/CMakeTmp'
make: *** [Makefile:140: cmTC_06730/fast] Error 2



